CRITICAL - 2022-05-14 01:59:03 --> syntax error, unexpected '<', expecting end of file
#0 C:\xampp\htdocs\fnb\system\View\View.php(213): CodeIgniter\View\View->CodeIgniter\View\{closure}()
#1 C:\xampp\htdocs\fnb\system\Common.php(1089): CodeIgniter\View\View->render('home', Array, true)
#2 C:\xampp\htdocs\fnb\app\Controllers\Home.php(9): view('home')
#3 C:\xampp\htdocs\fnb\system\CodeIgniter.php(832): App\Controllers\Home->index()
#4 C:\xampp\htdocs\fnb\system\CodeIgniter.php(419): CodeIgniter\CodeIgniter->runController(Object(App\Controllers\Home))
#5 C:\xampp\htdocs\fnb\system\CodeIgniter.php(326): CodeIgniter\CodeIgniter->handleRequest(NULL, Object(Config\Cache), false)
#6 C:\xampp\htdocs\fnb\public\index.php(37): CodeIgniter\CodeIgniter->run()
#7 C:\xampp\htdocs\fnb\system\Commands\Server\rewrite.php(43): require_once('C:\\xampp\\htdocs...')
#8 {main}
CRITICAL - 2022-05-14 02:00:53 --> syntax error, unexpected '<', expecting end of file
#0 C:\xampp\htdocs\fnb\system\View\View.php(213): CodeIgniter\View\View->CodeIgniter\View\{closure}()
#1 C:\xampp\htdocs\fnb\system\Common.php(1089): CodeIgniter\View\View->render('home', Array, true)
#2 C:\xampp\htdocs\fnb\app\Controllers\Home.php(9): view('home')
#3 C:\xampp\htdocs\fnb\system\CodeIgniter.php(832): App\Controllers\Home->index()
#4 C:\xampp\htdocs\fnb\system\CodeIgniter.php(419): CodeIgniter\CodeIgniter->runController(Object(App\Controllers\Home))
#5 C:\xampp\htdocs\fnb\system\CodeIgniter.php(326): CodeIgniter\CodeIgniter->handleRequest(NULL, Object(Config\Cache), false)
#6 C:\xampp\htdocs\fnb\public\index.php(37): CodeIgniter\CodeIgniter->run()
#7 C:\xampp\htdocs\fnb\system\Commands\Server\rewrite.php(43): require_once('C:\\xampp\\htdocs...')
#8 {main}
